This file contains any messages produced by compilers while
running configure, to aid debugging if configure makes a mistake.

It was created by gwgen configure 0.1, which was
generated by GNU Autoconf 2.69.  Invocation command line was

  $ ./configure --no-create --no-recursion

## --------- ##
## Platform. ##
## --------- ##

hostname = Quercus.local
uname -m = x86_64
uname -r = 18.6.0
uname -s = Darwin
uname -v = Darwin Kernel Version 18.6.0: Thu Apr 25 23:16:27 PDT 2019; root:xnu-4903.261.4~2/RELEASE_X86_64

/usr/bin/uname -p = i386
/bin/uname -X     = unknown

/bin/arch              = unknown
/usr/bin/arch -k       = unknown
/usr/convex/getsysinfo = unknown
/usr/bin/hostinfo      = Mach kernel version:
	 Darwin Kernel Version 18.6.0: Thu Apr 25 23:16:27 PDT 2019; root:xnu-4903.261.4~2/RELEASE_X86_64
Kernel configured for up to 12 processors.
6 processors are physically available.
12 processors are logically available.
Processor type: x86_64h (Intel x86-64h Haswell)
Processors active: 0 1 2 3 4 5 6 7 8 9 10 11
Primary memory available: 32.00 gigabytes
Default processor set: 365 tasks, 1310 threads, 12 processors
Load average: 2.11, Mach factor: 9.88
/bin/machine           = unknown
/usr/bin/oslevel       = unknown
/bin/universe          = unknown

PATH: /usr/local/grass/bin
PATH: /usr/local/pgsql/bin
PATH: /usr/local/bin
PATH: /sw/lib/perl5/ExtUtils
PATH: /sw/bin
PATH: /sw/sbin
PATH: /usr/local/bin
PATH: /usr/bin
PATH: /bin
PATH: /usr/sbin
PATH: /sbin
PATH: /opt/X11/bin


## ----------- ##
## Core tests. ##
## ----------- ##

configure:1950: checking for a BSD-compatible install
configure:2018: result: /sw/bin/ginstall -c
configure:2029: checking whether build environment is sane
configure:2084: result: yes
configure:2235: checking for a thread-safe mkdir -p
configure:2274: result: /sw/bin/mkdir -p
configure:2281: checking for gawk
configure:2297: found /sw/bin/gawk
configure:2308: result: gawk
configure:2319: checking whether make sets $(MAKE)
configure:2341: result: yes
configure:2370: checking whether make supports nested variables
configure:2387: result: yes
configure:2542: checking for nc-config
configure:2558: found /usr/local/bin/nc-config
configure:2570: result: yes
configure:2690: checking for gcc
configure:2706: found /usr/bin/gcc
configure:2717: result: gcc
configure:2748: checking for C compiler version
configure:2757: gcc --version >&5
Apple LLVM version 10.0.1 (clang-1001.0.46.4)
Target: x86_64-apple-darwin18.6.0
Thread model: posix
InstalledDir: /Library/Developer/CommandLineTools/usr/bin
Configured with: --prefix=/Library/Developer/CommandLineTools/usr --with-gxx-include-dir=/Library/Developer/CommandLineTools/SDKs/MacOSX10.14.sdk/usr/include/c++/4.2.1
configure:2768: $? = 0
configure:2757: gcc -v >&5
Configured with: --prefix=/Library/Developer/CommandLineTools/usr --with-gxx-include-dir=/Library/Developer/CommandLineTools/SDKs/MacOSX10.14.sdk/usr/include/c++/4.2.1
Apple LLVM version 10.0.1 (clang-1001.0.46.4)
Target: x86_64-apple-darwin18.6.0
Thread model: posix
InstalledDir: /Library/Developer/CommandLineTools/usr/bin
configure:2768: $? = 0
configure:2757: gcc -V >&5
clang: error: unsupported option '-V -Wno-atomic-implicit-seq-cst'
clang: error: no input files
configure:2768: $? = 1
configure:2757: gcc -qversion >&5
clang: error: unknown argument '-qversion', did you mean '--version'?
clang: error: no input files
configure:2768: $? = 1
configure:2788: checking whether the C compiler works
configure:2810: gcc    conftest.c  >&5
configure:2814: $? = 0
configure:2862: result: yes
configure:2865: checking for C compiler default output file name
configure:2867: result: a.out
configure:2873: checking for suffix of executables
configure:2880: gcc -o conftest    conftest.c  >&5
configure:2884: $? = 0
configure:2906: result: 
configure:2928: checking whether we are cross compiling
configure:2936: gcc -o conftest    conftest.c  >&5
configure:2940: $? = 0
configure:2947: ./conftest
configure:2951: $? = 0
configure:2966: result: no
configure:2971: checking for suffix of object files
configure:2993: gcc -c   conftest.c >&5
configure:2997: $? = 0
configure:3018: result: o
configure:3022: checking whether we are using the GNU C compiler
configure:3041: gcc -c   conftest.c >&5
configure:3041: $? = 0
configure:3050: result: yes
configure:3059: checking whether gcc accepts -g
configure:3079: gcc -c -g  conftest.c >&5
configure:3079: $? = 0
configure:3120: result: yes
configure:3137: checking for gcc option to accept ISO C89
configure:3200: gcc  -c -g -O2  conftest.c >&5
configure:3200: $? = 0
configure:3213: result: none needed
configure:3238: checking whether gcc understands -c and -o together
configure:3260: gcc -c conftest.c -o conftest2.o
configure:3263: $? = 0
configure:3260: gcc -c conftest.c -o conftest2.o
configure:3263: $? = 0
configure:3275: result: yes
configure:3303: checking for style of include used by make
configure:3331: result: GNU
configure:3357: checking dependency style of gcc
configure:3468: result: none
configure:3536: checking for gfortran
configure:3552: found /sw/bin/gfortran
configure:3563: result: gfortran
configure:3589: checking for Fortran compiler version
configure:3598: gfortran --version >&5
GNU Fortran (GCC) 8.3.0
Copyright (C) 2018 Free Software Foundation, Inc.
This is free software; see the source for copying conditions.  There is NO
warranty; not even for MERCHANTABILITY or FITNESS FOR A PARTICULAR PURPOSE.

configure:3609: $? = 0
configure:3598: gfortran -v >&5
Using built-in specs.
COLLECT_GCC=gfortran
COLLECT_LTO_WRAPPER=/sw/lib/gcc8/libexec/gcc/x86_64-apple-darwin18.6.0/8.3.0/lto-wrapper
Target: x86_64-apple-darwin18.6.0
Configured with: ../gcc-8.3.0/configure --prefix=/sw --prefix=/sw/lib/gcc8 --mandir=/sw/share/man --infodir=/sw/lib/gcc8/info --enable-languages=c,c++,fortran,lto,objc,obj-c++ --with-gmp=/sw --with-libiconv-prefix=/sw --with-isl=/sw --with-mpc=/sw --with-system-zlib --program-suffix=-fsf-8 --disable-multilib --with-sysroot=/Library/Developer/CommandLineTools/SDKs/MacOSX.sdk
Thread model: posix
gcc version 8.3.0 (GCC) 
configure:3609: $? = 0
configure:3598: gfortran -V >&5
gfortran: error: unrecognized command line option '-V'
gfortran: fatal error: no input files
compilation terminated.
configure:3609: $? = 1
configure:3598: gfortran -qversion >&5
gfortran: error: unrecognized command line option '-qversion'; did you mean '--version'?
gfortran: fatal error: no input files
compilation terminated.
configure:3609: $? = 1
configure:3618: checking whether we are using the GNU Fortran compiler
configure:3631: gfortran -c   conftest.F >&5
configure:3631: $? = 0
configure:3640: result: yes
configure:3646: checking whether gfortran accepts -g
configure:3657: gfortran -c -g  conftest.f >&5
configure:3657: $? = 0
configure:3665: result: yes
configure:3704: checking for Fortran flag to compile .f90 files
configure:3724: gfortran -c -g -O2  conftest.f90 >&5
configure:3724: $? = 0
configure:3733: result: none
configure:3767: checking whether to compile using MPI
configure:3774: result: yes
configure:3989: checking for Fortran compiler version
configure:3998: gfortran --version >&5
GNU Fortran (GCC) 8.3.0
Copyright (C) 2018 Free Software Foundation, Inc.
This is free software; see the source for copying conditions.  There is NO
warranty; not even for MERCHANTABILITY or FITNESS FOR A PARTICULAR PURPOSE.

configure:4009: $? = 0
configure:3998: gfortran -v >&5
Using built-in specs.
COLLECT_GCC=gfortran
COLLECT_LTO_WRAPPER=/sw/lib/gcc8/libexec/gcc/x86_64-apple-darwin18.6.0/8.3.0/lto-wrapper
Target: x86_64-apple-darwin18.6.0
Configured with: ../gcc-8.3.0/configure --prefix=/sw --prefix=/sw/lib/gcc8 --mandir=/sw/share/man --infodir=/sw/lib/gcc8/info --enable-languages=c,c++,fortran,lto,objc,obj-c++ --with-gmp=/sw --with-libiconv-prefix=/sw --with-isl=/sw --with-mpc=/sw --with-system-zlib --program-suffix=-fsf-8 --disable-multilib --with-sysroot=/Library/Developer/CommandLineTools/SDKs/MacOSX.sdk
Thread model: posix
gcc version 8.3.0 (GCC) 
configure:4009: $? = 0
configure:3998: gfortran -V >&5
gfortran: error: unrecognized command line option '-V'
gfortran: fatal error: no input files
compilation terminated.
configure:4009: $? = 1
configure:3998: gfortran -qversion >&5
gfortran: error: unrecognized command line option '-qversion'; did you mean '--version'?
gfortran: fatal error: no input files
compilation terminated.
configure:4009: $? = 1
configure:4018: checking whether we are using the GNU Fortran compiler
configure:4040: result: yes
configure:4046: checking whether gfortran accepts -g
configure:4065: result: yes
configure:4119: checking for function MPI_INIT
configure:4131: gfortran -o conftest -g -O2   conftest.f90  >&5
Undefined symbols for architecture x86_64:
  "_mpi_init_", referenced from:
      _main in ccMWvV42.o
ld: symbol(s) not found for architecture x86_64
collect2: error: ld returned 1 exit status
configure:4131: $? = 1
configure: failed program was:
|       program main
|       call MPI_INIT
|       end
configure:4138: result: no
configure:4122: checking for function MPI_INIT in -lmpichf90
configure:4131: gfortran -o conftest -g -O2   conftest.f90 -lmpichf90  >&5
ld: library not found for -lmpichf90
collect2: error: ld returned 1 exit status
configure:4131: $? = 1
configure: failed program was:
|       program main
|       call MPI_INIT
|       end
configure:4138: result: no
configure:4122: checking for function MPI_INIT in -lfmpi
configure:4131: gfortran -o conftest -g -O2   conftest.f90 -lfmpi  >&5
ld: library not found for -lfmpi
collect2: error: ld returned 1 exit status
configure:4131: $? = 1
configure: failed program was:
|       program main
|       call MPI_INIT
|       end
configure:4138: result: no
configure:4122: checking for function MPI_INIT in -lfmpich
configure:4131: gfortran -o conftest -g -O2   conftest.f90 -lfmpich  >&5
ld: library not found for -lfmpich
collect2: error: ld returned 1 exit status
configure:4131: $? = 1
configure: failed program was:
|       program main
|       call MPI_INIT
|       end
configure:4138: result: no
configure:4194: WARNING: No MPI compiler found, won't use MPI.
configure:4205: checking fortran 90 modules inclusion flag
configure:4232: gfortran -c -g -O2  conftest.f90 >&5
configure:4232: $? = 0
configure:4251: gfortran -c -g -O2 -I tmpdir_0  conftest.f90 >&5
configure:4251: $? = 0
configure:4269: result: -I 
configure:4276: checking netcdfmod fortran 90 module
configure:4311: gfortran -c -g -O2 -I /usr/local/include  conftest.f90 >&5
configure:4311: $? = 0
configure:4325: result: -I /usr/local/include
configure:4346: checking netcdf Fortran 90 library
configure:4400: gfortran -o conftest -g -O2 -I /usr/local/include  -L/usr/local/lib  conftest.f90 -lnetcdff.5  >&5
configure:4400: $? = 0
configure:4400: gfortran -o conftest -g -O2 -I /usr/local/include  -L/usr/local/lib  conftest.f90 -lnetcdff  >&5
configure:4400: $? = 0
configure:4400: gfortran -o conftest -g -O2 -I /usr/local/include  -L/usr/local/lib  conftest.f90 -lnetcdff  >&5
configure:4400: $? = 0
configure:4400: gfortran -o conftest -g -O2 -I /usr/local/include  -L/usr/local/lib  conftest.f90 -lnetcdff  >&5
configure:4400: $? = 0
configure:4418: result: -L/usr/local/lib -lnetcdff
configure:4584: checking that generated files are newer than configure
configure:4590: result: done
configure:4613: creating ./config.status

## ---------------- ##
## Cache variables. ##
## ---------------- ##

ac_cv_c_compiler_gnu=yes
ac_cv_env_CC_set=
ac_cv_env_CC_value=
ac_cv_env_CFLAGS_set=
ac_cv_env_CFLAGS_value=
ac_cv_env_CPPFLAGS_set=
ac_cv_env_CPPFLAGS_value=
ac_cv_env_FCFLAGS_set=
ac_cv_env_FCFLAGS_value=
ac_cv_env_FC_set=
ac_cv_env_FC_value=
ac_cv_env_LDFLAGS_set=
ac_cv_env_LDFLAGS_value=
ac_cv_env_LIBS_set=
ac_cv_env_LIBS_value=
ac_cv_env_MPIFC_set=
ac_cv_env_MPIFC_value=
ac_cv_env_build_alias_set=
ac_cv_env_build_alias_value=
ac_cv_env_host_alias_set=
ac_cv_env_host_alias_value=
ac_cv_env_target_alias_set=
ac_cv_env_target_alias_value=
ac_cv_fc_compiler_gnu=yes
ac_cv_fc_srcext_f90=none
ac_cv_objext=o
ac_cv_path_install='/sw/bin/ginstall -c'
ac_cv_path_mkdir=/sw/bin/mkdir
ac_cv_prog_AWK=gawk
ac_cv_prog_HAS_NC_CONFIG=yes
ac_cv_prog_ac_ct_CC=gcc
ac_cv_prog_ac_ct_FC=gfortran
ac_cv_prog_cc_c89=
ac_cv_prog_cc_g=yes
ac_cv_prog_fc_g=yes
ac_cv_prog_make_make_set=yes
am_cv_CC_dependencies_compiler_type=none
am_cv_make_support_nested_variables=yes
am_cv_prog_cc_c_o=yes
ax_cv_f90_headmod_netcdf_mod='-I /usr/local/include'
ax_cv_f90_ldflags_netcdf=-L/usr/local/lib
ax_cv_f90_libs_netcdf=-lnetcdff
ax_cv_f90_modflag='-I '

## ----------------- ##
## Output variables. ##
## ----------------- ##

ACLOCAL='${SHELL} /Users/annettedietmaier/Documents/gwgen_grid/config/missing aclocal-1.15'
AMDEPBACKSLASH='\'
AMDEP_FALSE='#'
AMDEP_TRUE=''
AMTAR='$${TAR-tar}'
AM_BACKSLASH='\'
AM_DEFAULT_V='$(AM_DEFAULT_VERBOSITY)'
AM_DEFAULT_VERBOSITY='1'
AM_V='$(V)'
AUTOCONF='${SHELL} /Users/annettedietmaier/Documents/gwgen_grid/config/missing autoconf'
AUTOHEADER='${SHELL} /Users/annettedietmaier/Documents/gwgen_grid/config/missing autoheader'
AUTOMAKE='${SHELL} /Users/annettedietmaier/Documents/gwgen_grid/config/missing automake-1.15'
AWK='gawk'
CC='gcc'
CCDEPMODE='depmode=none'
CFLAGS='-g -O2'
CPPFLAGS=''
CYGPATH_W='echo'
DEFS='-DPACKAGE_NAME=\"gwgen\" -DPACKAGE_TARNAME=\"gwgen\" -DPACKAGE_VERSION=\"0.1\" -DPACKAGE_STRING=\"gwgen\ 0.1\" -DPACKAGE_BUGREPORT=\"jed.kaplan@arve-research.com\" -DPACKAGE_URL=\"\" -DPACKAGE=\"gwgen\" -DVERSION=\"0.1\" -DHAVE_NETCDF=1 -DHAVE_NETCDF4=1'
DEPDIR='.deps'
ECHO_C='\c'
ECHO_N=''
ECHO_T=''
EXEEXT=''
F90_LDFLAGS_netcdf='-L/usr/local/lib'
F90_LIBS_netcdf='-lnetcdff'
F90_MODULE_netcdfmod='-I /usr/local/include'
FC='gfortran'
FCFLAGS='-g -O2 -I /usr/local/include'
FCFLAGS_f90=''
HAS_NC_CONFIG='yes'
INSTALL_DATA='${INSTALL} -m 644'
INSTALL_PROGRAM='${INSTALL}'
INSTALL_SCRIPT='${INSTALL}'
INSTALL_STRIP_PROGRAM='$(install_sh) -c -s'
LDFLAGS=' -L/usr/local/lib -lnetcdff'
LIBOBJS=''
LIBS='-lnetcdff '
LTLIBOBJS=''
MAKEINFO='${SHELL} /Users/annettedietmaier/Documents/gwgen_grid/config/missing makeinfo'
MKDIR_P='/sw/bin/mkdir -p'
MPIFC=''
NETCDF_CC='gcc'
NETCDF_CPPFLAGS='-I/usr/local/include'
NETCDF_LDFLAGS='-L/usr/local/lib -lnetcdf'
NETCDF_LIBS=''
NETCDF_VERSION='netCDF 4.7.0'
OBJEXT='o'
PACKAGE='gwgen'
PACKAGE_BUGREPORT='jed.kaplan@arve-research.com'
PACKAGE_NAME='gwgen'
PACKAGE_STRING='gwgen 0.1'
PACKAGE_TARNAME='gwgen'
PACKAGE_URL=''
PACKAGE_VERSION='0.1'
PATH_SEPARATOR=':'
SET_MAKE=''
SHELL='/bin/sh'
STRIP=''
VERSION='0.1'
ac_ct_CC='gcc'
ac_ct_FC='gfortran'
am__EXEEXT_FALSE=''
am__EXEEXT_TRUE='#'
am__fastdepCC_FALSE=''
am__fastdepCC_TRUE='#'
am__include='include'
am__isrc=''
am__leading_dot='.'
am__nodep='_no'
am__quote=''
am__tar='$${TAR-tar} chof - "$$tardir"'
am__untar='$${TAR-tar} xf -'
bindir='${exec_prefix}/bin'
build_alias=''
datadir='${datarootdir}'
datarootdir='${prefix}/share'
docdir='${datarootdir}/doc/${PACKAGE_TARNAME}'
dvidir='${docdir}'
exec_prefix='${prefix}'
host_alias=''
htmldir='${docdir}'
includedir='${prefix}/include'
infodir='${datarootdir}/info'
install_sh='${SHELL} /Users/annettedietmaier/Documents/gwgen_grid/config/install-sh'
libdir='${exec_prefix}/lib'
libexecdir='${exec_prefix}/libexec'
localedir='${datarootdir}/locale'
localstatedir='${prefix}/var'
mandir='${datarootdir}/man'
mkdir_p='$(MKDIR_P)'
oldincludedir='/usr/include'
pdfdir='${docdir}'
prefix='/Users/annettedietmaier/Documents/gwgen_grid'
program_transform_name='s,x,x,'
psdir='${docdir}'
sbindir='${exec_prefix}/sbin'
sharedstatedir='${prefix}/com'
sysconfdir='${prefix}/etc'
target_alias=''

## ----------- ##
## confdefs.h. ##
## ----------- ##

/* confdefs.h */
#define PACKAGE_NAME "gwgen"
#define PACKAGE_TARNAME "gwgen"
#define PACKAGE_VERSION "0.1"
#define PACKAGE_STRING "gwgen 0.1"
#define PACKAGE_BUGREPORT "jed.kaplan@arve-research.com"
#define PACKAGE_URL ""
#define PACKAGE "gwgen"
#define VERSION "0.1"
#define HAVE_NETCDF 1
#define HAVE_NETCDF4 1

configure: exit 0

## ---------------------- ##
## Running config.status. ##
## ---------------------- ##

This file was extended by gwgen config.status 0.1, which was
generated by GNU Autoconf 2.69.  Invocation command line was

  CONFIG_FILES    = 
  CONFIG_HEADERS  = 
  CONFIG_LINKS    = 
  CONFIG_COMMANDS = 
  $ ./config.status 

on Quercus.local

config.status:787: creating src/Makefile
config.status:787: creating Makefile
config.status:959: executing depfiles commands
